<?xml version="1.0" encoding="UTF-8"?>
<testsuite xmlns:xsi="http://www.w3.org/2001/XMLSchema-instance" xsi:noNamespaceSchemaLocation="https://maven.apache.org/surefire/maven-surefire-plugin/xsd/surefire-test-report-3.0.xsd" version="3.0" name="com.example.spring.eureka.client.SpringBootEurekaClientApplicationTests" time="1.828" tests="1" errors="0" skipped="0" failures="0">
  <properties>
[...]
</properties>
  <testcase name="contextLoads" classname="com.example.spring.eureka.client.SpringBootEurekaClientApplicationTests" time="0.442">
    <system-out><![CDATA[23:02:00.452 [main] INFO org.springframework.test.context.support.AnnotationConfigContextLoaderUtils -- Could not detect default configuration classes for test class [com.example.spring.eureka.client.SpringBootEurekaClientApplicationTests]: SpringBootEurekaClientApplicationTests does not declare any static, non-private, non-final, nested classes annotated with @Configuration.
23:02:00.496 [main] INFO org.springframework.boot.test.context.SpringBootTestContextBootstrapper -- Found @SpringBootConfiguration com.example.spring.eureka.client.SpringBootEurekaClientApplication for test class com.example.spring.eureka.client.SpringBootEurekaClientApplicationTests

  .   ____          _            __ _ _
 /\\ / ___'_ __ _ _(_)_ __  __ _ \ \ \ \
( ( )\___ | '_ | '_| | '_ \/ _` | \ \ \ \
 \\/  ___)| |_)| | | | | || (_| |  ) ) ) )
  '  |____| .__|_| |_|_| |_\__, | / / / /
 =========|_|==============|___/=/_/_/_/
 :: Spring Boot ::                (v3.2.3)

2024-03-03T23:02:00.715Z  INFO 39996 --- [spring-boot-eureka-client-rest-api] [           main] c.SpringBootEurekaClientApplicationTests : Starting SpringBootEurekaClientApplicationTests using Java 21.0.1 with PID 39996 (started by jyotichauhan in /Users/jyotichauhan/Downloads/spring-boot-eureka-client-rest-api)
2024-03-03T23:02:00.715Z  INFO 39996 --- [spring-boot-eureka-client-rest-api] [           main] c.SpringBootEurekaClientApplicationTests : No active profile set, falling back to 1 default profile: "default"
2024-03-03T23:02:01.019Z  INFO 39996 --- [spring-boot-eureka-client-rest-api] [           main] o.s.cloud.context.scope.GenericScope     : BeanFactory id=472e7043-2254-3521-9e35-8bdbece67062
2024-03-03T23:02:01.046Z  WARN 39996 --- [spring-boot-eureka-client-rest-api] [           main] trationDelegate$BeanPostProcessorChecker : Bean 'org.springframework.cloud.client.loadbalancer.LoadBalancerAutoConfiguration$LoadBalancerInterceptorConfig' of type [org.springframework.cloud.client.loadbalancer.LoadBalancerAutoConfiguration$LoadBalancerInterceptorConfig] is not eligible for getting processed by all BeanPostProcessors (for example: not eligible for auto-proxying). The currently created BeanPostProcessor [lbRestClientPostProcessor] is declared through a non-static factory method on that class; consider declaring it as static instead.
2024-03-03T23:02:01.047Z  WARN 39996 --- [spring-boot-eureka-client-rest-api] [           main] trationDelegate$BeanPostProcessorChecker : Bean 'org.springframework.cloud.loadbalancer.config.BlockingLoadBalancerClientAutoConfiguration' of type [org.springframework.cloud.loadbalancer.config.BlockingLoadBalancerClientAutoConfiguration] is not eligible for getting processed by all BeanPostProcessors (for example: not eligible for auto-proxying). Is this bean getting eagerly injected into a currently created BeanPostProcessor [lbRestClientPostProcessor]? Check the corresponding BeanPostProcessor declaration and its dependencies.
2024-03-03T23:02:01.048Z  WARN 39996 --- [spring-boot-eureka-client-rest-api] [           main] trationDelegate$BeanPostProcessorChecker : Bean 'org.springframework.cloud.loadbalancer.config.LoadBalancerAutoConfiguration' of type [org.springframework.cloud.loadbalancer.config.LoadBalancerAutoConfiguration] is not eligible for getting processed by all BeanPostProcessors (for example: not eligible for auto-proxying). Is this bean getting eagerly injected into a currently created BeanPostProcessor [lbRestClientPostProcessor]? Check the corresponding BeanPostProcessor declaration and its dependencies.
2024-03-03T23:02:01.050Z  WARN 39996 --- [spring-boot-eureka-client-rest-api] [           main] trationDelegate$BeanPostProcessorChecker : Bean 'org.springframework.cloud.commons.config.CommonsConfigAutoConfiguration' of type [org.springframework.cloud.commons.config.CommonsConfigAutoConfiguration] is not eligible for getting processed by all BeanPostProcessors (for example: not eligible for auto-proxying). Is this bean getting eagerly injected into a currently created BeanPostProcessor [lbRestClientPostProcessor]? Check the corresponding BeanPostProcessor declaration and its dependencies.
2024-03-03T23:02:01.050Z  WARN 39996 --- [spring-boot-eureka-client-rest-api] [           main] trationDelegate$BeanPostProcessorChecker : Bean 'org.springframework.cloud.client.loadbalancer.LoadBalancerDefaultMappingsProviderAutoConfiguration' of type [org.springframework.cloud.client.loadbalancer.LoadBalancerDefaultMappingsProviderAutoConfiguration] is not eligible for getting processed by all BeanPostProcessors (for example: not eligible for auto-proxying). Is this bean getting eagerly injected into a currently created BeanPostProcessor [lbRestClientPostProcessor]? Check the corresponding BeanPostProcessor declaration and its dependencies.
2024-03-03T23:02:01.051Z  WARN 39996 --- [spring-boot-eureka-client-rest-api] [           main] trationDelegate$BeanPostProcessorChecker : Bean 'loadBalancerClientsDefaultsMappingsProvider' of type [org.springframework.cloud.client.loadbalancer.LoadBalancerDefaultMappingsProviderAutoConfiguration$$Lambda/0x000000700138fc68] is not eligible for getting processed by all BeanPostProcessors (for example: not eligible for auto-proxying). Is this bean getting eagerly injected into a currently created BeanPostProcessor [lbRestClientPostProcessor]? Check the corresponding BeanPostProcessor declaration and its dependencies.
2024-03-03T23:02:01.051Z  WARN 39996 --- [spring-boot-eureka-client-rest-api] [           main] trationDelegate$BeanPostProcessorChecker : Bean 'defaultsBindHandlerAdvisor' of type [org.springframework.cloud.commons.config.DefaultsBindHandlerAdvisor] is not eligible for getting processed by all BeanPostProcessors (for example: not eligible for auto-proxying). Is this bean getting eagerly injected into a currently created BeanPostProcessor [lbRestClientPostProcessor]? Check the corresponding BeanPostProcessor declaration and its dependencies.
2024-03-03T23:02:01.054Z  WARN 39996 --- [spring-boot-eureka-client-rest-api] [           main] trationDelegate$BeanPostProcessorChecker : Bean 'spring.cloud.loadbalancer-org.springframework.cloud.client.loadbalancer.LoadBalancerClientsProperties' of type [org.springframework.cloud.client.loadbalancer.LoadBalancerClientsProperties] is not eligible for getting processed by all BeanPostProcessors (for example: not eligible for auto-proxying). Is this bean getting eagerly injected into a currently created BeanPostProcessor [lbRestClientPostProcessor]? Check the corresponding BeanPostProcessor declaration and its dependencies.
2024-03-03T23:02:01.057Z  WARN 39996 --- [spring-boot-eureka-client-rest-api] [           main] trationDelegate$BeanPostProcessorChecker : Bean 'default.org.springframework.cloud.loadbalancer.config.LoadBalancerAutoConfiguration.LoadBalancerClientSpecification' of type [org.springframework.cloud.loadbalancer.annotation.LoadBalancerClientSpecification] is not eligible for getting processed by all BeanPostProcessors (for example: not eligible for auto-proxying). Is this bean getting eagerly injected into a currently created BeanPostProcessor [lbRestClientPostProcessor]? Check the corresponding BeanPostProcessor declaration and its dependencies.
2024-03-03T23:02:01.057Z  WARN 39996 --- [spring-boot-eureka-client-rest-api] [           main] trationDelegate$BeanPostProcessorChecker : Bean 'default.org.springframework.cloud.loadbalancer.config.BlockingLoadBalancerClientAutoConfiguration.LoadBalancerClientSpecification' of type [org.springframework.cloud.loadbalancer.annotation.LoadBalancerClientSpecification] is not eligible for getting processed by all BeanPostProcessors (for example: not eligible for auto-proxying). Is this bean getting eagerly injected into a currently created BeanPostProcessor [lbRestClientPostProcessor]? Check the corresponding BeanPostProcessor declaration and its dependencies.
2024-03-03T23:02:01.058Z  WARN 39996 --- [spring-boot-eureka-client-rest-api] [           main] trationDelegate$BeanPostProcessorChecker : Bean 'default.org.springframework.cloud.netflix.eureka.loadbalancer.LoadBalancerEurekaAutoConfiguration.LoadBalancerClientSpecification' of type [org.springframework.cloud.loadbalancer.annotation.LoadBalancerClientSpecification] is not eligible for getting processed by all BeanPostProcessors (for example: not eligible for auto-proxying). Is this bean getting eagerly injected into a currently created BeanPostProcessor [lbRestClientPostProcessor]? Check the corresponding BeanPostProcessor declaration and its dependencies.
2024-03-03T23:02:01.058Z  WARN 39996 --- [spring-boot-eureka-client-rest-api] [           main] trationDelegate$BeanPostProcessorChecker : Bean 'loadBalancerClientFactory' of type [org.springframework.cloud.loadbalancer.support.LoadBalancerClientFactory] is not eligible for getting processed by all BeanPostProcessors (for example: not eligible for auto-proxying). Is this bean getting eagerly injected into a currently created BeanPostProcessor [lbRestClientPostProcessor]? Check the corresponding BeanPostProcessor declaration and its dependencies.
2024-03-03T23:02:01.064Z  WARN 39996 --- [spring-boot-eureka-client-rest-api] [           main] trationDelegate$BeanPostProcessorChecker : Bean 'blockingLoadBalancerClient' of type [org.springframework.cloud.loadbalancer.blocking.client.BlockingLoadBalancerClient] is not eligible for getting processed by all BeanPostProcessors (for example: not eligible for auto-proxying). Is this bean getting eagerly injected into a currently created BeanPostProcessor [lbRestClientPostProcessor]? Check the corresponding BeanPostProcessor declaration and its dependencies.
2024-03-03T23:02:01.066Z  WARN 39996 --- [spring-boot-eureka-client-rest-api] [           main] trationDelegate$BeanPostProcessorChecker : Bean 'loadBalancerServiceInstanceCookieTransformer' of type [org.springframework.cloud.loadbalancer.core.LoadBalancerServiceInstanceCookieTransformer] is not eligible for getting processed by all BeanPostProcessors (for example: not eligible for auto-proxying). Is this bean getting eagerly injected into a currently created BeanPostProcessor [lbRestClientPostProcessor]? Check the corresponding BeanPostProcessor declaration and its dependencies.
2024-03-03T23:02:01.067Z  WARN 39996 --- [spring-boot-eureka-client-rest-api] [           main] trationDelegate$BeanPostProcessorChecker : Bean 'xForwarderHeadersTransformer' of type [org.springframework.cloud.loadbalancer.blocking.XForwardedHeadersTransformer] is not eligible for getting processed by all BeanPostProcessors (for example: not eligible for auto-proxying). Is this bean getting eagerly injected into a currently created BeanPostProcessor [lbRestClientPostProcessor]? Check the corresponding BeanPostProcessor declaration and its dependencies.
2024-03-03T23:02:01.067Z  WARN 39996 --- [spring-boot-eureka-client-rest-api] [           main] trationDelegate$BeanPostProcessorChecker : Bean 'org.springframework.cloud.client.loadbalancer.LoadBalancerAutoConfiguration' of type [org.springframework.cloud.client.loadbalancer.LoadBalancerAutoConfiguration] is not eligible for getting processed by all BeanPostProcessors (for example: not eligible for auto-proxying). Is this bean getting eagerly injected into a currently created BeanPostProcessor [lbRestClientPostProcessor]? Check the corresponding BeanPostProcessor declaration and its dependencies.
2024-03-03T23:02:01.068Z  WARN 39996 --- [spring-boot-eureka-client-rest-api] [           main] trationDelegate$BeanPostProcessorChecker : Bean 'loadBalancerRequestFactory' of type [org.springframework.cloud.client.loadbalancer.LoadBalancerRequestFactory] is not eligible for getting processed by all BeanPostProcessors (for example: not eligible for auto-proxying). Is this bean getting eagerly injected into a currently created BeanPostProcessor [lbRestClientPostProcessor]? Check the corresponding BeanPostProcessor declaration and its dependencies.
2024-03-03T23:02:01.068Z  WARN 39996 --- [spring-boot-eureka-client-rest-api] [           main] trationDelegate$BeanPostProcessorChecker : Bean 'loadBalancerInterceptor' of type [org.springframework.cloud.client.loadbalancer.LoadBalancerInterceptor] is not eligible for getting processed by all BeanPostProcessors (for example: not eligible for auto-proxying). Is this bean getting eagerly injected into a currently created BeanPostProcessor [lbRestClientPostProcessor]? Check the corresponding BeanPostProcessor declaration and its dependencies.
2024-03-03T23:02:01.325Z  INFO 39996 --- [spring-boot-eureka-client-rest-api] [           main] DiscoveryClientOptionalArgsConfiguration : Eureka HTTP Client uses RestTemplate.
2024-03-03T23:02:01.341Z  WARN 39996 --- [spring-boot-eureka-client-rest-api] [           main] iguration$LoadBalancerCaffeineWarnLogger : Spring Cloud LoadBalancer is currently working with the default cache. While this cache implementation is useful for development and tests, it's recommended to use Caffeine cache in production.You can switch to using Caffeine cache, by adding it and org.springframework.cache.caffeine.CaffeineCacheManager to the classpath.
2024-03-03T23:02:01.350Z  INFO 39996 --- [spring-boot-eureka-client-rest-api] [           main] o.s.c.n.eureka.InstanceInfoFactory       : Setting initial instance status as: STARTING
2024-03-03T23:02:01.414Z  INFO 39996 --- [spring-boot-eureka-client-rest-api] [           main] com.netflix.discovery.DiscoveryClient    : Initializing Eureka in region us-east-1
2024-03-03T23:02:01.417Z  INFO 39996 --- [spring-boot-eureka-client-rest-api] [           main] c.n.d.s.r.aws.ConfigClusterResolver      : Resolving eureka endpoints via configuration
2024-03-03T23:02:01.442Z  INFO 39996 --- [spring-boot-eureka-client-rest-api] [           main] com.netflix.discovery.DiscoveryClient    : Disable delta property : false
2024-03-03T23:02:01.442Z  INFO 39996 --- [spring-boot-eureka-client-rest-api] [           main] com.netflix.discovery.DiscoveryClient    : Single vip registry refresh property : null
2024-03-03T23:02:01.442Z  INFO 39996 --- [spring-boot-eureka-client-rest-api] [           main] com.netflix.discovery.DiscoveryClient    : Force full registry fetch : false
2024-03-03T23:02:01.442Z  INFO 39996 --- [spring-boot-eureka-client-rest-api] [           main] com.netflix.discovery.DiscoveryClient    : Application is null : false
2024-03-03T23:02:01.442Z  INFO 39996 --- [spring-boot-eureka-client-rest-api] [           main] com.netflix.discovery.DiscoveryClient    : Registered Applications size is zero : true
2024-03-03T23:02:01.442Z  INFO 39996 --- [spring-boot-eureka-client-rest-api] [           main] com.netflix.discovery.DiscoveryClient    : Application version is -1: true
2024-03-03T23:02:01.442Z  INFO 39996 --- [spring-boot-eureka-client-rest-api] [           main] com.netflix.discovery.DiscoveryClient    : Getting all instance registry info from the eureka server
2024-03-03T23:02:01.731Z  INFO 39996 --- [spring-boot-eureka-client-rest-api] [           main] com.netflix.discovery.DiscoveryClient    : The response status is 200
2024-03-03T23:02:01.733Z  INFO 39996 --- [spring-boot-eureka-client-rest-api] [           main] com.netflix.discovery.DiscoveryClient    : Starting heartbeat executor: renew interval is: 30
2024-03-03T23:02:01.734Z  INFO 39996 --- [spring-boot-eureka-client-rest-api] [           main] c.n.discovery.InstanceInfoReplicator     : InstanceInfoReplicator onDemand update allowed rate per min is 4
2024-03-03T23:02:01.737Z  INFO 39996 --- [spring-boot-eureka-client-rest-api] [           main] com.netflix.discovery.DiscoveryClient    : Discovery Client initialized at timestamp 1709506921736 with initial instances count: 1
2024-03-03T23:02:01.738Z  INFO 39996 --- [spring-boot-eureka-client-rest-api] [           main] o.s.c.n.e.s.EurekaServiceRegistry        : Registering application SPRING-BOOT-EUREKA-CLIENT-REST-API with eureka with status UP
2024-03-03T23:02:01.738Z  INFO 39996 --- [spring-boot-eureka-client-rest-api] [           main] com.netflix.discovery.DiscoveryClient    : Saw local status change event StatusChangeEvent [timestamp=1709506921738, current=UP, previous=STARTING]
2024-03-03T23:02:01.738Z  INFO 39996 --- [spring-boot-eureka-client-rest-api] [nfoReplicator-0] com.netflix.discovery.DiscoveryClient    : DiscoveryClient_SPRING-BOOT-EUREKA-CLIENT-REST-API/192.168.1.108:spring-boot-eureka-client-rest-api:8083: registering service...
2024-03-03T23:02:01.745Z  INFO 39996 --- [spring-boot-eureka-client-rest-api] [           main] c.SpringBootEurekaClientApplicationTests : Started SpringBootEurekaClientApplicationTests in 1.19 seconds (process running for 1.637)
2024-03-03T23:02:01.815Z  INFO 39996 --- [spring-boot-eureka-client-rest-api] [nfoReplicator-0] com.netflix.discovery.DiscoveryClient    : DiscoveryClient_SPRING-BOOT-EUREKA-CLIENT-REST-API/192.168.1.108:spring-boot-eureka-client-rest-api:8083 - registration status: 204
]]></system-out>
    <system-err><![CDATA[WARNING: A Java agent has been loaded dynamically (/Users/jyotichauhan/.m2/repository/net/bytebuddy/byte-buddy-agent/1.14.12/byte-buddy-agent-1.14.12.jar)
WARNING: If a serviceability tool is in use, please run with -XX:+EnableDynamicAgentLoading to hide this warning
WARNING: If a serviceability tool is not in use, please run with -Djdk.instrument.traceUsage for more information
WARNING: Dynamic loading of agents will be disallowed by default in a future release
]]></system-err>
  </testcase>
</testsuite>